C:\USERS\RéMY\DESKTOP\CGRAPHE\CGRAPHE\DEBUG\CARC.OBJ
C:\USERS\RéMY\DESKTOP\CGRAPHE\CGRAPHE\DEBUG\CEXCEPTION.OBJ
C:\USERS\RéMY\DESKTOP\CGRAPHE\CGRAPHE\DEBUG\CGRAPHE.OBJ
C:\USERS\RéMY\DESKTOP\CGRAPHE\CGRAPHE\DEBUG\CGRAPHEOPERATION.OBJ
C:\USERS\RéMY\DESKTOP\CGRAPHE\CGRAPHE\DEBUG\CPARSE.OBJ
C:\USERS\RéMY\DESKTOP\CGRAPHE\CGRAPHE\DEBUG\CPARSEGRAPHE.OBJ
C:\USERS\RéMY\DESKTOP\CGRAPHE\CGRAPHE\DEBUG\CSOMMET.OBJ
C:\USERS\RéMY\DESKTOP\CGRAPHE\CGRAPHE\DEBUG\MAIN.OBJ
C:\USERS\RÉMY\DESKTOP\CGRAPHE\CGRAPHE\DEBUG\VC110.PDB
C:\USERS\RéMY\DESKTOP\CGRAPHE\DEBUG\CGRAPHE.ILK
C:\USERS\RéMY\DESKTOP\CGRAPHE\DEBUG\CGRAPHE.EXE
C:\USERS\RÉMY\DESKTOP\CGRAPHE\DEBUG\CGRAPHE.PDB
C:\Users\Rémy\Desktop\CGraphe\CGraphe\Debug\CArc.obj
C:\Users\Rémy\Desktop\CGraphe\CGraphe\Debug\CException.obj
C:\Users\Rémy\Desktop\CGraphe\CGraphe\Debug\CGraphe.obj
C:\Users\Rémy\Desktop\CGraphe\CGraphe\Debug\CGrapheOperation.obj
C:\Users\Rémy\Desktop\CGraphe\CGraphe\Debug\CParse.obj
C:\Users\Rémy\Desktop\CGraphe\CGraphe\Debug\CParseGraphe.obj
C:\Users\Rémy\Desktop\CGraphe\CGraphe\Debug\CSommet.obj
C:\Users\Rémy\Desktop\CGraphe\CGraphe\Debug\main.obj
C:\Users\Rémy\Desktop\CGraphe\CGraphe\Debug\cl.command.1.tlog
C:\Users\Rémy\Desktop\CGraphe\CGraphe\Debug\CL.read.1.tlog
C:\Users\Rémy\Desktop\CGraphe\CGraphe\Debug\CL.write.1.tlog
C:\Users\Rémy\Desktop\CGraphe\CGraphe\Debug\link-cvtres.read.1.tlog
C:\Users\Rémy\Desktop\CGraphe\CGraphe\Debug\link-cvtres.write.1.tlog
C:\Users\Rémy\Desktop\CGraphe\CGraphe\Debug\link-rc.read.1.tlog
C:\Users\Rémy\Desktop\CGraphe\CGraphe\Debug\link-rc.write.1.tlog
C:\Users\Rémy\Desktop\CGraphe\CGraphe\Debug\link.command.1.tlog
C:\Users\Rémy\Desktop\CGraphe\CGraphe\Debug\link.read.1.tlog
C:\Users\Rémy\Desktop\CGraphe\CGraphe\Debug\link.write.1.tlog
C:\Users\Rémy\Desktop\CGraphe\CGraphe\Debug\vc110.idb
C:\Users\Rémy\Desktop\CGraphe\CGraphe\Debug\vc110.pdb
C:\Users\Rémy\Desktop\CGraphe\Debug\CGraphe.pdb
C:\Users\Rémy\Desktop\CGraphe\Debug\CGraphe.exe
C:\Users\Rémy\Desktop\CGraphe\Debug\CGraphe.ilk
