La génération a démarré 27/04/2017 22:16:05.
Projet "C:\Users\Bebo\Source\Repos\cpp-Graphe-2017\CGraphe\CGraphe.vcxproj" sur le nœud 2 (Build cible(s)).
ClCompile:
  C:\Program Files (x86)\Microsoft Visual Studio 11.0\VC\bin\CL.exe /c /I"C:\Program Files (x86)\Visual Leak Detector\include" /Zi /nologo /W3 /WX- /O2 /Oi /Oy- /GL /D WIN32 /D NDEBUG /D _CONSOLE /D _UNICODE /D UNICODE /Gm- /EHsc /MD /GS /Gy /fp:precise /Zc:wchar_t /Zc:forScope /Fo"Release\\" /Fd"Release\vc110.pdb" /Gd /TP /analyze- /errorReport:prompt CGraphe.cpp CGrapheOperation.cpp CParseGraphe.cpp CSommet.cpp main.cpp mainUnitest.cpp
  CGraphe.cpp
  CGrapheOperation.cpp
  CParseGraphe.cpp
  CSommet.cpp
  main.cpp
  mainUnitest.cpp
Link:
  C:\Program Files (x86)\Microsoft Visual Studio 11.0\VC\bin\link.exe /ERRORREPORT:PROMPT /OUT:"C:\Users\Bebo\Source\Repos\cpp-Graphe-2017\Release\CGraphe.exe" /INCREMENTAL:NO /NOLOGO /LIBPATH:"C:\Program Files (x86)\Visual Leak Detector\lib\Win32" kernel32.lib user32.lib gdi32.lib winspool.lib comdlg32.lib advapi32.lib shell32.lib ole32.lib oleaut32.lib uuid.lib odbc32.lib odbccp32.lib /MANIFEST /MANIFESTUAC:"level='asInvoker' uiAccess='false'" /manifest:embed /DEBUG /PDB:"C:\Users\Bebo\Source\Repos\cpp-Graphe-2017\Release\CGraphe.pdb" /SUBSYSTEM:CONSOLE /OPT:REF /OPT:ICF /LTCG /TLBID:1 /DYNAMICBASE /NXCOMPAT /IMPLIB:"C:\Users\Bebo\Source\Repos\cpp-Graphe-2017\Release\CGraphe.lib" /MACHINE:X86 /SAFESEH Release\CArc.obj
  Release\CException.obj
  Release\CGraphe.obj
  Release\CGrapheOperation.obj
  Release\CParse.obj
  Release\CParseGraphe.obj
  Release\CSommet.obj
  Release\main.obj
  Release\mainUnitest.obj
  Génération de code en cours
  Fin de la génération du code
  CGraphe.vcxproj -> C:\Users\Bebo\Source\Repos\cpp-Graphe-2017\Release\CGraphe.exe
Génération du projet "C:\Users\Bebo\Source\Repos\cpp-Graphe-2017\CGraphe\CGraphe.vcxproj" terminée (Build cible(s)).

La génération a réussi.

Temps écoulé 00:00:03.25
