C:\USERS\BEBO\SOURCE\REPOS\CPP-GRAPHE-2017\CGRAPHE\RELEASE\MAINUNITEST.OBJ
C:\USERS\BEBO\SOURCE\REPOS\CPP-GRAPHE-2017\CGRAPHE\RELEASE\MAIN.OBJ
C:\USERS\BEBO\SOURCE\REPOS\CPP-GRAPHE-2017\CGRAPHE\RELEASE\CSOMMET.OBJ
C:\USERS\BEBO\SOURCE\REPOS\CPP-GRAPHE-2017\CGRAPHE\RELEASE\CPARSEGRAPHE.OBJ
C:\USERS\BEBO\SOURCE\REPOS\CPP-GRAPHE-2017\CGRAPHE\RELEASE\CGRAPHEOPERATION.OBJ
C:\USERS\BEBO\SOURCE\REPOS\CPP-GRAPHE-2017\CGRAPHE\RELEASE\CGRAPHE.OBJ
C:\USERS\BEBO\SOURCE\REPOS\CPP-GRAPHE-2017\CGRAPHE\RELEASE\CPARSE.OBJ
C:\USERS\BEBO\SOURCE\REPOS\CPP-GRAPHE-2017\CGRAPHE\RELEASE\CEXCEPTION.OBJ
C:\USERS\BEBO\SOURCE\REPOS\CPP-GRAPHE-2017\CGRAPHE\RELEASE\CARC.OBJ
C:\USERS\BEBO\SOURCE\REPOS\CPP-GRAPHE-2017\CGRAPHE\RELEASE\VC110.PDB
C:\USERS\BEBO\SOURCE\REPOS\CPP-GRAPHE-2017\RELEASE\CGRAPHE.EXE
C:\USERS\BEBO\SOURCE\REPOS\CPP-GRAPHE-2017\RELEASE\CGRAPHE.PDB
C:\Users\Bebo\Source\Repos\cpp-Graphe-2017\CGraphe\Release\CArc.obj
C:\Users\Bebo\Source\Repos\cpp-Graphe-2017\CGraphe\Release\CException.obj
C:\Users\Bebo\Source\Repos\cpp-Graphe-2017\CGraphe\Release\CGraphe.obj
C:\Users\Bebo\Source\Repos\cpp-Graphe-2017\CGraphe\Release\CGrapheOperation.obj
C:\Users\Bebo\Source\Repos\cpp-Graphe-2017\CGraphe\Release\CParse.obj
C:\Users\Bebo\Source\Repos\cpp-Graphe-2017\CGraphe\Release\CParseGraphe.obj
C:\Users\Bebo\Source\Repos\cpp-Graphe-2017\CGraphe\Release\CSommet.obj
C:\Users\Bebo\Source\Repos\cpp-Graphe-2017\CGraphe\Release\main.obj
C:\Users\Bebo\Source\Repos\cpp-Graphe-2017\CGraphe\Release\mainUnitest.obj
C:\Users\Bebo\Source\Repos\cpp-Graphe-2017\CGraphe\Release\cl.command.1.tlog
C:\Users\Bebo\Source\Repos\cpp-Graphe-2017\CGraphe\Release\CL.read.1.tlog
C:\Users\Bebo\Source\Repos\cpp-Graphe-2017\CGraphe\Release\CL.write.1.tlog
C:\Users\Bebo\Source\Repos\cpp-Graphe-2017\CGraphe\Release\link-cvtres.read.1.tlog
C:\Users\Bebo\Source\Repos\cpp-Graphe-2017\CGraphe\Release\link-cvtres.write.1.tlog
C:\Users\Bebo\Source\Repos\cpp-Graphe-2017\CGraphe\Release\link-rc.read.1.tlog
C:\Users\Bebo\Source\Repos\cpp-Graphe-2017\CGraphe\Release\link-rc.write.1.tlog
C:\Users\Bebo\Source\Repos\cpp-Graphe-2017\CGraphe\Release\link.command.1.tlog
C:\Users\Bebo\Source\Repos\cpp-Graphe-2017\CGraphe\Release\link.read.1.tlog
C:\Users\Bebo\Source\Repos\cpp-Graphe-2017\CGraphe\Release\link.write.1.tlog
C:\Users\Bebo\Source\Repos\cpp-Graphe-2017\CGraphe\Release\vc110.pdb
C:\Users\Bebo\Source\Repos\cpp-Graphe-2017\Release\CGraphe.pdb
C:\Users\Bebo\Source\Repos\cpp-Graphe-2017\Release\CGraphe.exe
